

Version:	3.14
CmdLine:	C:\Users\braya\Desktop\U. Nacional - P\JAVA\Retos\Reto 5\Proyecto_Java\Movies_Plus.exe --l4j-debug
WOW64:		yes
Java min ver:	1.008.000
Java max ver:	
64-bit search:	SOFTWARE\JavaSoft\Java Runtime Environment...
32-bit search:	SOFTWARE\JavaSoft\Java Runtime Environment...
64-bit search:	SOFTWARE\JavaSoft\Java Development Kit...
Check:		SOFTWARE\JavaSoft\Java Development Kit\1.8
Check launcher:	C:\PROGRA~1\Java\jdk1.8.0_111\bin\javaw.exe (OK)
Match:		1.008.000
Check:		SOFTWARE\JavaSoft\Java Development Kit\1.8.0_111
Check launcher:	C:\PROGRA~1\Java\jdk1.8.0_111\bin\javaw.exe (OK)
Match:		1.008.000_111
64-bit search:	SOFTWARE\JavaSoft\JRE...
64-bit search:	SOFTWARE\JavaSoft\JDK...
Runtime used:	1.008.000_111 (64-bit)
Launcher:	C:\PROGRA~1\Java\jdk1.8.0_111\bin\javaw.exe
Launcher args:	-jar "C:\Users\braya\Desktop\U. Nacional - P\JAVA\Retos\Reto 5\Proyecto_Java\Movies_Plus.exe"
Args length:	93/32768 chars
Exit code:	0


Version:	3.14
CmdLine:	C:\Users\braya\Desktop\U. Nacional - P\JAVA\Retos\Reto 5\Proyecto_Java\Movies_Plus.exe --l4j-debug
WOW64:		yes
Java min ver:	1.007.000
Java max ver:	
64-bit search:	SOFTWARE\JavaSoft\Java Runtime Environment...
32-bit search:	SOFTWARE\JavaSoft\Java Runtime Environment...
64-bit search:	SOFTWARE\JavaSoft\Java Development Kit...
Check:		SOFTWARE\JavaSoft\Java Development Kit\1.8
Check launcher:	C:\PROGRA~1\Java\jdk1.8.0_111\bin\javaw.exe (OK)
Match:		1.008.000
Check:		SOFTWARE\JavaSoft\Java Development Kit\1.8.0_111
Check launcher:	C:\PROGRA~1\Java\jdk1.8.0_111\bin\javaw.exe (OK)
Match:		1.008.000_111
64-bit search:	SOFTWARE\JavaSoft\JRE...
64-bit search:	SOFTWARE\JavaSoft\JDK...
Runtime used:	1.008.000_111 (64-bit)
Launcher:	C:\PROGRA~1\Java\jdk1.8.0_111\bin\javaw.exe
Launcher args:	-jar "C:\Users\braya\Desktop\U. Nacional - P\JAVA\Retos\Reto 5\Proyecto_Java\Movies_Plus.exe"
Args length:	93/32768 chars
Exit code:	0
